make all --print-data-base --no-builtin-variables --no-builtin-rules --question
make: *** No rule to make target 'ShrubberyCreationForm.o', needed by 'executable'.  Stop.
 
# GNU Make 4.2.1
# Built for x86_64-pc-linux-gnu
# Copyright (C) 1988-2016 Free Software Foundation, Inc.
# License GPLv3+: GNU GPL version 3 or later <http://gnu.org/licenses/gpl.html>
# This is free software: you are free to change and redistribute it.
# There is NO WARRANTY, to the extent permitted by law.

# Make data base, printed on Tue Dec 28 11:28:44 2021

# Variables

# automatic
<D = $(patsubst %/,%,$(dir $<))
# automatic
?F = $(notdir $?)
# environment
DESKTOP_SESSION = ubuntu
# default
.SHELLFLAGS := -c
# environment
XDG_SESSION_CLASS = user
# environment
XDG_SESSION_TYPE = x11
# environment
VSCODE_LOG_NATIVE = false
# automatic
?D = $(patsubst %/,%,$(dir $?))
# automatic
@D = $(patsubst %/,%,$(dir $@))
# environment
XAUTHORITY = /mnt/nfs/homes/thoberth/.Xauthority
# environment
GDMSESSION = ubuntu
# environment
XMODIFIERS = @im=ibus
# makefile
CURDIR := /mnt/nfs/homes/thoberth/Desktop/piscine_cpp/cpp_module_05/ex03
# makefile
SHELL = /bin/sh
# environment
VSCODE_NLS_CONFIG = {"locale":"en-us","availableLanguages":{},"_languagePackSupport":true}
# environment
_ = /usr/share/code/code
# makefile (from 'Makefile', line 13)
BLUE = \033[0;34m
# environment
JOURNAL_STREAM = 9:25897415
# environment
XDG_CONFIG_DIRS = /etc/xdg/xdg-ubuntu:/etc/xdg
# makefile (from 'Makefile', line 1)
MAKEFILE_LIST :=  Makefile
# automatic
@F = $(notdir $@)
# environment
GIO_LAUNCHED_DESKTOP_FILE = /usr/share/applications/code.desktop
# 'override' directive
GNUMAKEFLAGS := 
# makefile (from 'Makefile', line 24)
CXXFLAGS = -Wall -Wextra -Werror -std=c++98 -pedantic
# environment
MANDATORY_PATH = /usr/share/gconf/ubuntu.mandatory.path
# environment
XDG_DATA_DIRS = /usr/share/gnome:/usr/share/ubuntu:/mnt/nfs/homes/thoberth/.local/share/flatpak/exports/share:/var/lib/flatpak/exports/share:/usr/local/share:/usr/share:/var/lib/snapd/desktop
# environment
DBUS_SESSION_BUS_ADDRESS = unix:path=/run/user/35933/bus
# environment
VSCODE_VERBOSE_LOGGING = true
# makefile (from 'Makefile', line 34)
OBJS = ${SRCS:.cpp=.o}
# environment
MANAGERPID = 3488859
# environment
VSCODE_IPC_HOOK_EXTHOST = /run/user/35933/vscode-ipc-afa2d108-ee9e-4141-89b2-7436c760940f.sock
# environment
VSCODE_CWD = /mnt/nfs/homes/thoberth
# environment
XDG_SESSION_PATH = /org/freedesktop/DisplayManager/Session64
# environment
KRB5CCNAME = FILE:/tmp/krb5cc_35933_mG2v2l
# default
MAKE_HOST := x86_64-pc-linux-gnu
# environment
PATH = /mnt/nfs/homes/thoberth/bin:/usr/local/sbin:/usr/local/bin:/usr/sbin:/usr/bin:/sbin:/bin:/usr/games:/usr/local/games:/snap/bin
# environment
GPG_AGENT_INFO = /run/user/35933/gnupg/S.gpg-agent:0:1
# environment
LSCOLORS = Gxfxcxdxbxegedabagacad
# environment
SESSION_MANAGER = local/e2r8p2.clusters.42paris.fr:@/tmp/.ICE-unix/3489150,unix/e2r8p2.clusters.42paris.fr:/tmp/.ICE-unix/3489150
# environment
XDG_RUNTIME_DIR = /run/user/35933
# environment
XDG_MENU_PREFIX = gnome-
# environment
VSCODE_LOG_STACK = false
# environment
VSCODE_CRASH_REPORTER_START_OPTIONS = {"companyName":"Microsoft","productName":"VSCode","submitURL":"appcenter://code?aid=fba07a4d-84bd-4fc8-a125-9640fc8ce171&uid=2dafa858-12e4-40cf-8176-9c44ec588d43&iid=2dafa858-12e4-40cf-8176-9c44ec588d43&sid=2dafa858-12e4-40cf-8176-9c44ec588d43","uploadToServer":true}
# environment
INVOCATION_ID = f610fc55dea64ee9a9b4e8f4d6b39903
# default
.FEATURES := target-specific order-only second-expansion else-if shortest-stem undefine oneshell archives jobserver output-sync check-symlink load
# environment
XDG_GREETER_DATA_DIR = /var/lib/lightdm-data/thoberth
# environment
LS_COLORS = 
# environment
XDG_SESSION_DESKTOP = ubuntu
# environment
SSH_AUTH_SOCK = /run/user/35933/keyring/ssh
# environment
GIO_LAUNCHED_DESKTOP_FILE_PID = 3489788
# automatic
%F = $(notdir $%)
# environment
DISPLAY = :0
# environment
VSCODE_PIPE_LOGGING = true
# environment
PWD = /mnt/nfs/homes/thoberth/Desktop/piscine_cpp/cpp_module_05/ex03
# makefile (from 'Makefile', line 15)
LIGHTBLUE = \033[1;34m
# default
.LOADED := 
# environment
SSH_AGENT_PID = 3489114
# environment
ORIGINAL_XDG_CURRENT_DESKTOP = ubuntu:GNOME
# makefile (from 'Makefile', line 14)
GREEN = \033[0;32m
# environment
GTK_MODULES = gail:atk-bridge
# makefile (from 'Makefile', line 31)
HDR = ShrubberyCreationForm.hpp Bureaucrat.hpp PresidentialPardonForm.hpp Form.hpp RobotomyRequestForm.hpp Intern.hpp
# environment
VSCODE_AMD_ENTRYPOINT = vs/workbench/services/extensions/node/extensionHostProcess
# environment
HOME = /mnt/nfs/homes/thoberth
# environment
VSCODE_CODE_CACHE_PATH = /mnt/nfs/homes/thoberth/.config/Code/CachedData/b3318bc0524af3d74034b8bb8a64df0ccf35549a
# environment
LOGNAME = thoberth
# environment
APPLICATION_INSIGHTS_NO_DIAGNOSTIC_CHANNEL = true
# environment
ZSH = /mnt/nfs/homes/thoberth/.oh-my-zsh
# environment
VSCODE_HANDLES_UNCAUGHT_ERRORS = true
# environment
GNOME_DESKTOP_SESSION_ID = this-is-deprecated
# automatic
^D = $(patsubst %/,%,$(dir $^))
# environment
MAKELEVEL := 0
# default
MAKE = $(MAKE_COMMAND)
# default
MAKECMDGOALS := all
# environment
QT_IM_MODULE = ibus
# makefile (from 'Makefile', line 28)
SRCS = ShrubberyCreationForm.cpp Bureaucrat.cpp PresidentialPardonForm.cpp Form.cpp RobotomyRequestForm.cpp main.cpp Intern.cpp
# environment
SHLVL = 0
# environment
IM_CONFIG_PHASE = 1
# default
MAKE_VERSION := 4.2.1
# environment
USER = thoberth
# makefile
.DEFAULT_GOAL := executable
# environment
XDG_CURRENT_DESKTOP = Unity
# makefile (from 'Makefile', line 26)
NAME = executable
# makefile (from 'Makefile', line 18)
ORANGE = \033[0;33m
# environment
LESS = -R
# automatic
%D = $(patsubst %/,%,$(dir $%))
# default
MAKE_COMMAND := make
# environment
OLDPWD = /mnt/nfs/homes/thoberth
# default
.VARIABLES := 
# automatic
*F = $(notdir $*)
# environment
XDG_SEAT_PATH = /org/freedesktop/DisplayManager/Seat0
# environment
VSCODE_IPC_HOOK = /run/user/35933/vscode-1fd79081-1.62.0-main.sock
# makefile (from 'Makefile', line 16)
RED = \033[0;31m
# makefile
MAKEFLAGS = pqrR
# environment
MFLAGS = -pqrR
# automatic
*D = $(patsubst %/,%,$(dir $*))
# environment
BREAKPAD_DUMP_LOCATION = /mnt/nfs/homes/thoberth/.config/Code/exthost Crash Reports
# automatic
+D = $(patsubst %/,%,$(dir $+))
# makefile (from 'Makefile', line 17)
YELLOW = \033[1;33m
# environment
GDK_BACKEND = x11
# automatic
+F = $(notdir $+)
# environment
QT_ACCESSIBILITY = 1
# environment
DEFAULTS_PATH = /usr/share/gconf/ubuntu.default.path
# default
MAKEFILES := 
# automatic
<F = $(notdir $<)
# environment
ELECTRON_RUN_AS_NODE = 1
# makefile (from 'Makefile', line 22)
CXX = c++
# environment
PAGER = less
# environment
LC_ALL = C
# makefile (from 'Makefile', line 20)
RESET = \033[0m
# environment
GJS_DEBUG_TOPICS = JS ERROR;JS LOG
# automatic
^F = $(notdir $^)
# default
SUFFIXES := 
# environment
CHROME_DESKTOP = code-url-handler.desktop
# default
.INCLUDE_DIRS = /usr/include /usr/local/include /usr/include
# environment
GJS_DEBUG_OUTPUT = stderr
# makefile (from 'Makefile', line 19)
MAGENTA = \033[0;35m
# default
.RECIPEPREFIX := 
# environment
LANG = C
# environment
DOCKER_HOST = unix:///run/user/35933/docker.sock
# environment
VSCODE_PID = 3489788
# variable set hash-table stats:
# Load=120/1024=12%, Rehash=0, Collisions=13/151=9%

# Pattern-specific Variable Values

# No pattern-specific variable values.

# Directories

# . (device 54, inode 240816134): 17 files, no impossibilities.

# 17 files, no impossibilities in 1 directories.

# Implicit Rules

# No implicit rules.

# Files

# Not a target:
Bureaucrat.cpp:
#  Implicit rule search has not been done.
#  Modification time never checked.
#  File has not been updated.

# Not a target:
RobotomyRequestForm.cpp:
#  Implicit rule search has not been done.
#  Modification time never checked.
#  File has not been updated.

all: executable
#  Phony target (prerequisite of .PHONY).
#  Command line target.
 
#  Implicit rule search has not been done.
#  File does not exist.
#  File has not been updated.

# Not a target:
Form.cpp:
#  Implicit rule search has not been done.
#  Modification time never checked.
#  File has not been updated.

.PHONY: all clean fclean re
#  Implicit rule search has not been done.
#  Modification time never checked.
#  File has not been updated.

# Not a target:
Bureaucrat.hpp:
#  Implicit rule search has not been done.
#  Modification time never checked.
#  File has not been updated.

# Not a target:
RobotomyRequestForm.hpp:
#  Implicit rule search has not been done.
#  Modification time never checked.
#  File has not been updated.

# Not a target:
Form.hpp:
#  Implicit rule search has not been done.
#  Modification time never checked.
#  File has not been updated.

# Not a target:
PresidentialPardonForm.cpp:
#  Implicit rule search has not been done.
#  Modification time never checked.
#  File has not been updated.

# Not a target:
Makefile:
#  Implicit rule search has been done.
#  Last modified 2021-12-20 14:22:57.911183697
#  File has been updated.
#  Successfully updated.

# Not a target:
main.cpp:
#  Implicit rule search has not been done.
#  Modification time never checked.
#  File has not been updated.

# Not a target:
PresidentialPardonForm.hpp:
#  Implicit rule search has not been done.
#  Modification time never checked.
#  File has not been updated.

# Not a target:
Intern.cpp:
#  Implicit rule search has not been done.
#  Modification time never checked.
#  File has not been updated.

# Not a target:
Bureaucrat.o:
#  Implicit rule search has not been done.
#  Modification time never checked.
#  File has not been updated.

# Not a target:
RobotomyRequestForm.o:
#  Implicit rule search has not been done.
#  Modification time never checked.
#  File has not been updated.

fclean: clean
#  Phony target (prerequisite of .PHONY).
#  Implicit rule search has not been done.
#  File does not exist.
#  File has not been updated.
#  recipe to execute (from 'Makefile', line 53):
	@printf "\n"
	@printf "$(RED)Delete executable file\n"
	${RM} ${NAME} *_shrubbery
	@printf "$(RESET)\n"

# Not a target:
ShrubberyCreationForm.cpp:
#  Implicit rule search has not been done.
#  Modification time never checked.
#  File has not been updated.

# Not a target:
Form.o:
#  Implicit rule search has not been done.
#  Modification time never checked.
#  File has not been updated.

# Not a target:
Intern.hpp:
#  Implicit rule search has not been done.
#  Modification time never checked.
#  File has not been updated.

# Not a target:
.DEFAULT:
#  Implicit rule search has not been done.
#  Modification time never checked.
#  File has not been updated.

# Not a target:
ShrubberyCreationForm.hpp:
#  Implicit rule search has not been done.
#  Modification time never checked.
#  File has not been updated.

re: fclean all
#  Phony target (prerequisite of .PHONY).
#  Implicit rule search has not been done.
#  File does not exist.
#  File has not been updated.

clean:
#  Phony target (prerequisite of .PHONY).
#  Implicit rule search has not been done.
#  File does not exist.
#  File has not been updated.
#  recipe to execute (from 'Makefile', line 46):
	@printf "\n"
	@printf "$(RED)Erase files '.o'\n"
	${RM} ${OBJS}
	@printf "$(RESET)\n"

# Not a target:
PresidentialPardonForm.o:
#  Implicit rule search has not been done.
#  Modification time never checked.
#  File has not been updated.

executable: ShrubberyCreationForm.o Bureaucrat.o PresidentialPardonForm.o Form.o RobotomyRequestForm.o main.o Intern.o ShrubberyCreationForm.hpp Bureaucrat.hpp PresidentialPardonForm.hpp Form.hpp RobotomyRequestForm.hpp Intern.hpp ShrubberyCreationForm.cpp Bureaucrat.cpp PresidentialPardonForm.cpp Form.cpp RobotomyRequestForm.cpp main.cpp Intern.cpp
#  Implicit rule search has not been done.
#  File does not exist.
#  File has not been updated.
#  recipe to execute (from 'Makefile', line 37):
	@printf "\n$(BLUE)"
	@printf "$(BLUE)Compiling files...\n"
	${CXX} ${CXXFLAGS} ${OBJS} -o ${NAME}
	@printf "$(GREEN)[$(NAME) done][✔]$(RESET)\n"
	@printf "\n"

# Not a target:
main.o:
#  Implicit rule search has not been done.
#  Modification time never checked.
#  File has not been updated.

# Not a target:
Intern.o:
#  Implicit rule search has not been done.
#  Modification time never checked.
#  File has not been updated.

# Not a target:
ShrubberyCreationForm.o:
#  Implicit rule search has been done.
#  File does not exist.
#  File has not been updated.

# files hash-table stats:
# Load=29/1024=3%, Rehash=0, Collisions=0/68=0%
# VPATH Search Paths

# No 'vpath' search paths.

# No general ('VPATH' variable) search path.

# strcache buffers: 1 (0) / strings = 34 / storage = 451 B / avg = 13 B
# current buf: size = 8162 B / used = 451 B / count = 34 / avg = 13 B

# strcache performance: lookups = 66 / hit rate = 48%
# hash-table stats:
# Load=34/8192=0%, Rehash=0, Collisions=1/66=2%
# Finished Make data base on Tue Dec 28 11:28:44 2021

 
